<?xml version="1.0" encoding="UTF-8"?>
<testng-results ignored="0" total="1" passed="1" failed="0" skipped="0">
  <reporter-output>
  </reporter-output>
  <suite started-at="2025-03-11T13:44:25 IST" name="Default suite" finished-at="2025-03-11T13:44:34 IST" duration-ms="8955">
    <groups>
    </groups>
    <test started-at="2025-03-11T13:44:25 IST" name="Default test" finished-at="2025-03-11T13:44:34 IST" duration-ms="8955">
      <class name="com.API.tests.LoginTest">
        <test-method signature="Login()[pri:0, instance:com.API.tests.LoginTest@441772e]" started-at="2025-03-11T13:44:25 IST" name="Login" description="Verify if Login API is working.." finished-at="2025-03-11T13:44:34 IST" duration-ms="8812" status="PASS">
          <reporter-output>
          </reporter-output>
        </test-method> <!-- Login -->
      </class> <!-- com.API.tests.LoginTest -->
    </test> <!-- Default test -->
  </suite> <!-- Default suite -->
</testng-results>
